<?xml version="1.0" encoding="UTF-8"?>
<!-- Generated by org.testng.reporters.JUnitReportReporter -->
<testsuite skipped="39" hostname="LAPTOP-379A2RE2" name="main.java.utility.invokeapp" tests="42" failures="0" timestamp="2022-02-18T13:40:57 IST" time="168.646" errors="3">
  <testcase name="TestCase" time="46.335" classname="main.java.utility.invokeapp">
    <skipped/>
  </testcase> <!-- TestCase -->
  <system-out/>
  <testcase name="TestCase" time="0.000" classname="main.java.utility.invokeapp">
    <skipped/>
  </testcase> <!-- TestCase -->
  <system-out/>
  <testcase name="TestCase" time="0.000" classname="main.java.utility.invokeapp">
    <skipped/>
  </testcase> <!-- TestCase -->
  <system-out/>
  <testcase name="TestCase" time="0.000" classname="main.java.utility.invokeapp">
    <skipped/>
  </testcase> <!-- TestCase -->
  <system-out/>
  <testcase name="TestCase" time="0.000" classname="main.java.utility.invokeapp">
    <skipped/>
  </testcase> <!-- TestCase -->
  <system-out/>
  <testcase name="TestCase" time="0.000" classname="main.java.utility.invokeapp">
    <skipped/>
  </testcase> <!-- TestCase -->
  <system-out/>
  <testcase name="TestCase" time="0.000" classname="main.java.utility.invokeapp">
    <skipped/>
  </testcase> <!-- TestCase -->
  <system-out/>
  <testcase name="TestCase" time="0.000" classname="main.java.utility.invokeapp">
    <skipped/>
  </testcase> <!-- TestCase -->
  <system-out/>
  <testcase name="TestCase" time="0.000" classname="main.java.utility.invokeapp">
    <skipped/>
  </testcase> <!-- TestCase -->
  <system-out/>
  <testcase name="TestCase" time="0.000" classname="main.java.utility.invokeapp">
    <skipped/>
  </testcase> <!-- TestCase -->
  <system-out/>
  <testcase name="TestCase" time="0.000" classname="main.java.utility.invokeapp">
    <skipped/>
  </testcase> <!-- TestCase -->
  <system-out/>
  <testcase name="TestCase" time="0.000" classname="main.java.utility.invokeapp">
    <skipped/>
  </testcase> <!-- TestCase -->
  <system-out/>
  <testcase name="TestCase" time="0.000" classname="main.java.utility.invokeapp">
    <skipped/>
  </testcase> <!-- TestCase -->
  <system-out/>
  <testcase name="TestCase" time="0.000" classname="main.java.utility.invokeapp">
    <skipped/>
  </testcase> <!-- TestCase -->
  <system-out/>
  <testcase name="TestCase" time="0.000" classname="main.java.utility.invokeapp">
    <skipped/>
  </testcase> <!-- TestCase -->
  <system-out/>
  <testcase name="TestCase" time="0.000" classname="main.java.utility.invokeapp">
    <skipped/>
  </testcase> <!-- TestCase -->
  <system-out/>
  <testcase name="TestCase" time="0.000" classname="main.java.utility.invokeapp">
    <skipped/>
  </testcase> <!-- TestCase -->
  <system-out/>
  <testcase name="TestCase" time="0.000" classname="main.java.utility.invokeapp">
    <skipped/>
  </testcase> <!-- TestCase -->
  <system-out/>
  <testcase name="TestCase" time="0.000" classname="main.java.utility.invokeapp">
    <skipped/>
  </testcase> <!-- TestCase -->
  <system-out/>
  <testcase name="TestCase" time="0.000" classname="main.java.utility.invokeapp">
    <skipped/>
  </testcase> <!-- TestCase -->
  <system-out/>
  <testcase name="TestCase" time="0.000" classname="main.java.utility.invokeapp">
    <skipped/>
  </testcase> <!-- TestCase -->
  <system-out/>
  <testcase name="TestCase" time="0.000" classname="main.java.utility.invokeapp">
    <skipped/>
  </testcase> <!-- TestCase -->
  <system-out/>
  <testcase name="TestCase" time="0.000" classname="main.java.utility.invokeapp">
    <skipped/>
  </testcase> <!-- TestCase -->
  <system-out/>
  <testcase name="TestCase" time="0.009" classname="main.java.utility.invokeapp">
    <error type="java.lang.NullPointerException">
      <![CDATA[java.lang.NullPointerException
at main.java.pagesobject.FindDealer.verifydealer(FindDealer.java:56)
at main.java.testcase.Testcase.getsetData(Testcase.java:34)
at main.java.utility.invokeapp.TestCase(invokeapp.java:25)
at sun.reflect.NativeMethodAccessorImpl.invoke0(Native Method)
at sun.reflect.NativeMethodAccessorImpl.invoke(NativeMethodAccessorImpl.java:62)
at sun.reflect.DelegatingMethodAccessorImpl.invoke(DelegatingMethodAccessorImpl.java:43)
at java.lang.reflect.Method.invoke(Method.java:498)
at org.testng.internal.MethodInvocationHelper.invokeMethod(MethodInvocationHelper.java:132)
at org.testng.internal.TestInvoker.invokeMethod(TestInvoker.java:599)
at org.testng.internal.TestInvoker.invokeTestMethod(TestInvoker.java:174)
at org.testng.internal.MethodRunner.runInSequence(MethodRunner.java:46)
at org.testng.internal.TestInvoker$MethodInvocationAgent.invoke(TestInvoker.java:822)
at org.testng.internal.TestInvoker.invokeTestMethods(TestInvoker.java:147)
at org.testng.internal.TestMethodWorker.invokeTestMethods(TestMethodWorker.java:146)
at org.testng.internal.TestMethodWorker.run(TestMethodWorker.java:128)
at java.util.ArrayList.forEach(ArrayList.java:1259)
at org.testng.TestRunner.privateRun(TestRunner.java:764)
at org.testng.TestRunner.run(TestRunner.java:585)
at org.testng.SuiteRunner.runTest(SuiteRunner.java:384)
at org.testng.SuiteRunner.runSequentially(SuiteRunner.java:378)
at org.testng.SuiteRunner.privateRun(SuiteRunner.java:337)
at org.testng.SuiteRunner.run(SuiteRunner.java:286)
at org.testng.SuiteRunnerWorker.runSuite(SuiteRunnerWorker.java:53)
at org.testng.SuiteRunnerWorker.run(SuiteRunnerWorker.java:96)
at org.testng.TestNG.runSuitesSequentially(TestNG.java:1218)
at org.testng.TestNG.runSuitesLocally(TestNG.java:1140)
at org.testng.TestNG.runSuites(TestNG.java:1069)
at org.testng.TestNG.run(TestNG.java:1037)
at org.testng.remote.AbstractRemoteTestNG.run(AbstractRemoteTestNG.java:115)
at org.testng.remote.RemoteTestNG.initAndRun(RemoteTestNG.java:251)
at org.testng.remote.RemoteTestNG.main(RemoteTestNG.java:77)
]]>
    </error>
  </testcase> <!-- TestCase -->
  <system-out/>
  <testcase name="TestCase" time="0.000" classname="main.java.utility.invokeapp">
    <skipped/>
  </testcase> <!-- TestCase -->
  <system-out/>
  <testcase name="TestCase" time="0.000" classname="main.java.utility.invokeapp">
    <skipped/>
  </testcase> <!-- TestCase -->
  <system-out/>
  <testcase name="TestCase" time="0.000" classname="main.java.utility.invokeapp">
    <skipped/>
  </testcase> <!-- TestCase -->
  <system-out/>
  <testcase name="TestCase" time="0.000" classname="main.java.utility.invokeapp">
    <skipped/>
  </testcase> <!-- TestCase -->
  <system-out/>
  <testcase name="TestCase" time="0.000" classname="main.java.utility.invokeapp">
    <skipped/>
  </testcase> <!-- TestCase -->
  <system-out/>
  <testcase name="TestCase" time="0.000" classname="main.java.utility.invokeapp">
    <skipped/>
  </testcase> <!-- TestCase -->
  <system-out/>
  <testcase name="TestCase" time="0.000" classname="main.java.utility.invokeapp">
    <skipped/>
  </testcase> <!-- TestCase -->
  <system-out/>
  <testcase name="beforeMethod" time="122.269" classname="main.java.utility.invokeapp">
    <error type="org.openqa.selenium.WebDriverException" message="Failed to execute command handset open: Cannot open devices since devices are not available. Timeout is 120 seconds.
Command duration or timeout: 122.24 seconds">
      <![CDATA[org.openqa.selenium.WebDriverException: Failed to execute command handset open: Cannot open devices since devices are not available. Timeout is 120 seconds.
Command duration or timeout: 122.24 seconds
at sun.reflect.NativeConstructorAccessorImpl.newInstance0(Native Method)
at sun.reflect.NativeConstructorAccessorImpl.newInstance(NativeConstructorAccessorImpl.java:62)
at sun.reflect.DelegatingConstructorAccessorImpl.newInstance(DelegatingConstructorAccessorImpl.java:45)
at java.lang.reflect.Constructor.newInstance(Constructor.java:423)
at org.openqa.selenium.remote.ErrorHandler.createThrowable(ErrorHandler.java:214)
at org.openqa.selenium.remote.ErrorHandler.throwIfResponseFailed(ErrorHandler.java:166)
at org.openqa.selenium.remote.JsonWireProtocolResponse.lambda$errorHandler$0(JsonWireProtocolResponse.java:54)
at org.openqa.selenium.remote.HandshakeResponse.lambda$getResponseFunction$0(HandshakeResponse.java:30)
at org.openqa.selenium.remote.ProtocolHandshake.lambda$createSession$0(ProtocolHandshake.java:126)
at java.util.stream.ReferencePipeline$3$1.accept(ReferencePipeline.java:193)
at java.util.Spliterators$ArraySpliterator.tryAdvance(Spliterators.java:958)
at java.util.stream.ReferencePipeline.forEachWithCancel(ReferencePipeline.java:126)
at java.util.stream.AbstractPipeline.copyIntoWithCancel(AbstractPipeline.java:499)
at java.util.stream.AbstractPipeline.copyInto(AbstractPipeline.java:486)
at java.util.stream.AbstractPipeline.wrapAndCopyInto(AbstractPipeline.java:472)
at java.util.stream.FindOps$FindOp.evaluateSequential(FindOps.java:152)
at java.util.stream.AbstractPipeline.evaluate(AbstractPipeline.java:234)
at java.util.stream.ReferencePipeline.findFirst(ReferencePipeline.java:464)
at org.openqa.selenium.remote.ProtocolHandshake.createSession(ProtocolHandshake.java:128)
at org.openqa.selenium.remote.ProtocolHandshake.createSession(ProtocolHandshake.java:74)
at org.openqa.selenium.remote.HttpCommandExecutor.execute(HttpCommandExecutor.java:136)
at org.openqa.selenium.remote.RemoteWebDriver.execute(RemoteWebDriver.java:552)
at org.openqa.selenium.remote.RemoteWebDriver.startSession(RemoteWebDriver.java:213)
at org.openqa.selenium.remote.RemoteWebDriver.<init>(RemoteWebDriver.java:131)
at org.openqa.selenium.remote.RemoteWebDriver.<init>(RemoteWebDriver.java:144)
at main.java.utility.Projectcommonmethodes.invokebrowser(Projectcommonmethodes.java:199)
at main.java.utility.Projectcommonmethodes.beforeMethod(Projectcommonmethodes.java:85)
at sun.reflect.NativeMethodAccessorImpl.invoke0(Native Method)
at sun.reflect.NativeMethodAccessorImpl.invoke(NativeMethodAccessorImpl.java:62)
at sun.reflect.DelegatingMethodAccessorImpl.invoke(DelegatingMethodAccessorImpl.java:43)
at java.lang.reflect.Method.invoke(Method.java:498)
at org.testng.internal.MethodInvocationHelper.invokeMethod(MethodInvocationHelper.java:132)
at org.testng.internal.MethodInvocationHelper.invokeMethodConsideringTimeout(MethodInvocationHelper.java:61)
at org.testng.internal.ConfigInvoker.invokeConfigurationMethod(ConfigInvoker.java:366)
at org.testng.internal.ConfigInvoker.invokeConfigurations(ConfigInvoker.java:320)
at org.testng.internal.TestInvoker.runConfigMethods(TestInvoker.java:701)
at org.testng.internal.TestInvoker.invokeMethod(TestInvoker.java:527)
at org.testng.internal.TestInvoker.invokeTestMethod(TestInvoker.java:174)
at org.testng.internal.MethodRunner.runInSequence(MethodRunner.java:46)
at org.testng.internal.TestInvoker$MethodInvocationAgent.invoke(TestInvoker.java:822)
at org.testng.internal.TestInvoker.invokeTestMethods(TestInvoker.java:147)
at org.testng.internal.TestMethodWorker.invokeTestMethods(TestMethodWorker.java:146)
at org.testng.internal.TestMethodWorker.run(TestMethodWorker.java:128)
at java.util.ArrayList.forEach(ArrayList.java:1259)
at org.testng.TestRunner.privateRun(TestRunner.java:764)
at org.testng.TestRunner.run(TestRunner.java:585)
at org.testng.SuiteRunner.runTest(SuiteRunner.java:384)
at org.testng.SuiteRunner.runSequentially(SuiteRunner.java:378)
at org.testng.SuiteRunner.privateRun(SuiteRunner.java:337)
at org.testng.SuiteRunner.run(SuiteRunner.java:286)
at org.testng.SuiteRunnerWorker.runSuite(SuiteRunnerWorker.java:53)
at org.testng.SuiteRunnerWorker.run(SuiteRunnerWorker.java:96)
at org.testng.TestNG.runSuitesSequentially(TestNG.java:1218)
at org.testng.TestNG.runSuitesLocally(TestNG.java:1140)
at org.testng.TestNG.runSuites(TestNG.java:1069)
at org.testng.TestNG.run(TestNG.java:1037)
at org.testng.remote.AbstractRemoteTestNG.run(AbstractRemoteTestNG.java:115)
at org.testng.remote.RemoteTestNG.initAndRun(RemoteTestNG.java:251)
at org.testng.remote.RemoteTestNG.main(RemoteTestNG.java:77)
Caused by: org.openqa.selenium.WebDriverException: Failed to execute command handset open: Cannot open devices since devices are not available. Timeout is 120 seconds.
Build info: version: '3.141.59', revision: 'e82be7d358', time: '2018-11-14T08:17:03'
System info: host: 'LAPTOP-379A2RE2', ip: '192.168.31.76', os.name: 'Windows 10', os.arch: 'amd64', os.version: '10.0', java.version: '1.8.0_291'
Driver info: driver.version: unknown
at org.openqa.selenium.remote.server.PerfectoMobileSession$Factory.convertToRuntimeException(PerfectoMobileSession.java:166)
at org.openqa.selenium.remote.server.PerfectoMobileSession$Factory.apply(PerfectoMobileSession.java:150)
at org.openqa.selenium.remote.server.PerfectoMobileActiveSessionFactory.lambda$apply$3(PerfectoMobileActiveSessionFactory.java:117)
at java.util.stream.ReferencePipeline$3$1.accept(ReferencePipeline.java:193)
at java.util.stream.ReferencePipeline$11$1.accept(ReferencePipeline.java:373)
at java.util.stream.ReferencePipeline$2$1.accept(ReferencePipeline.java:175)
at java.util.Spliterators$ArraySpliterator.tryAdvance(Spliterators.java:958)
at java.util.stream.ReferencePipeline.forEachWithCancel(ReferencePipeline.java:126)
at java.util.stream.AbstractPipeline.copyIntoWithCancel(AbstractPipeline.java:498)
at java.util.stream.AbstractPipeline.copyInto(AbstractPipeline.java:485)
at java.util.stream.AbstractPipeline.wrapAndCopyInto(AbstractPipeline.java:471)
at java.util.stream.FindOps$FindOp.evaluateSequential(FindOps.java:152)
at java.util.stream.AbstractPipeline.evaluate(AbstractPipeline.java:234)
at java.util.stream.ReferencePipeline.findFirst(ReferencePipeline.java:464)
at org.openqa.selenium.remote.server.PerfectoMobileActiveSessionFactory.apply(PerfectoMobileActiveSessionFactory.java:120)
at org.openqa.selenium.remote.server.NewSessionPipeline.lambda$null$2(NewSessionPipeline.java:66)
at java.util.stream.ReferencePipeline$3$1.accept(ReferencePipeline.java:193)
at java.util.stream.ReferencePipeline$2$1.accept(ReferencePipeline.java:175)
at java.util.Collections$2.tryAdvance(Collections.java:4717)
at java.util.stream.ReferencePipeline.forEachWithCancel(ReferencePipeline.java:126)
at java.util.stream.AbstractPipeline.copyIntoWithCancel(AbstractPipeline.java:498)
at java.util.stream.AbstractPipeline.copyInto(AbstractPipeline.java:485)
at java.util.stream.AbstractPipeline.wrapAndCopyInto(AbstractPipeline.java:471)
at java.util.stream.FindOps$FindOp.evaluateSequential(FindOps.java:152)
at java.util.stream.AbstractPipeline.evaluate(AbstractPipeline.java:234)
at java.util.stream.ReferencePipeline.findFirst(ReferencePipeline.java:464)
at org.openqa.selenium.remote.server.NewSessionPipeline.lambda$createNewSession$3(NewSessionPipeline.java:69)
at java.util.stream.ReferencePipeline$3$1.accept(ReferencePipeline.java:193)
at java.util.stream.ReferencePipeline$3$1.accept(ReferencePipeline.java:193)
at java.util.stream.ReferencePipeline$3$1.accept(ReferencePipeline.java:193)
at java.util.stream.DistinctOps$1$2.accept(DistinctOps.java:175)
at java.util.stream.ReferencePipeline$2$1.accept(ReferencePipeline.java:175)
at java.util.stream.ReferencePipeline$3$1.accept(ReferencePipeline.java:193)
at java.util.stream.ReferencePipeline$2$1.accept(ReferencePipeline.java:175)
at java.util.stream.Streams$StreamBuilderImpl.tryAdvance(Streams.java:405)
at java.util.stream.Streams$ConcatSpliterator.tryAdvance(Streams.java:728)
at java.util.stream.ReferencePipeline.forEachWithCancel(ReferencePipeline.java:126)
at java.util.stream.AbstractPipeline.copyIntoWithCancel(AbstractPipeline.java:498)
at java.util.stream.AbstractPipeline.copyInto(AbstractPipeline.java:485)
at java.util.stream.AbstractPipeline.wrapAndCopyInto(AbstractPipeline.java:471)
at java.util.stream.FindOps$FindOp.evaluateSequential(FindOps.java:152)
at java.util.stream.AbstractPipeline.evaluate(AbstractPipeline.java:234)
at java.util.stream.ReferencePipeline.findFirst(ReferencePipeline.java:464)
at org.openqa.selenium.remote.server.NewSessionPipeline.createNewSession(NewSessionPipeline.java:72)
at org.openqa.selenium.remote.server.commandhandler.BeginSession.execute(BeginSession.java:65)
at org.openqa.selenium.remote.server.MobileWebDriverServlet.lambda$handle$2(MobileWebDriverServlet.java:298)
at java.util.concurrent.Executors$RunnableAdapter.call(Executors.java:511)
at java.util.concurrent.FutureTask.run(FutureTask.java:266)
at java.util.concurrent.ThreadPoolExecutor.runWorker(ThreadPoolExecutor.java:1142)
at java.util.concurrent.ThreadPoolExecutor$Worker.run(ThreadPoolExecutor.java:617)
at java.lang.Thread.run(Thread.java:748)
]]>
    </error>
  </testcase> <!-- beforeMethod -->
  <system-out/>
  <testcase name="TestCase" time="0.000" classname="main.java.utility.invokeapp">
    <skipped/>
  </testcase> <!-- TestCase -->
  <system-out/>
  <testcase name="TestCase" time="0.000" classname="main.java.utility.invokeapp">
    <skipped/>
  </testcase> <!-- TestCase -->
  <system-out/>
  <testcase name="TestCase" time="0.000" classname="main.java.utility.invokeapp">
    <skipped/>
  </testcase> <!-- TestCase -->
  <system-out/>
  <testcase name="afterSuite" time="0.033" classname="main.java.utility.invokeapp">
    <error type="java.lang.NullPointerException">
      <![CDATA[java.lang.NullPointerException
at main.java.utility.UpdateFinalResult.updateresult(UpdateFinalResult.java:204)
at main.java.utility.Projectcommonmethodes.afterSuite(Projectcommonmethodes.java:96)
at sun.reflect.NativeMethodAccessorImpl.invoke0(Native Method)
at sun.reflect.NativeMethodAccessorImpl.invoke(NativeMethodAccessorImpl.java:62)
at sun.reflect.DelegatingMethodAccessorImpl.invoke(DelegatingMethodAccessorImpl.java:43)
at java.lang.reflect.Method.invoke(Method.java:498)
at org.testng.internal.MethodInvocationHelper.invokeMethod(MethodInvocationHelper.java:132)
at org.testng.internal.MethodInvocationHelper.invokeMethodConsideringTimeout(MethodInvocationHelper.java:61)
at org.testng.internal.ConfigInvoker.invokeConfigurationMethod(ConfigInvoker.java:366)
at org.testng.internal.ConfigInvoker.invokeConfigurations(ConfigInvoker.java:320)
at org.testng.SuiteRunner.privateRun(SuiteRunner.java:351)
at org.testng.SuiteRunner.run(SuiteRunner.java:286)
at org.testng.SuiteRunnerWorker.runSuite(SuiteRunnerWorker.java:53)
at org.testng.SuiteRunnerWorker.run(SuiteRunnerWorker.java:96)
at org.testng.TestNG.runSuitesSequentially(TestNG.java:1218)
at org.testng.TestNG.runSuitesLocally(TestNG.java:1140)
at org.testng.TestNG.runSuites(TestNG.java:1069)
at org.testng.TestNG.run(TestNG.java:1037)
at org.testng.remote.AbstractRemoteTestNG.run(AbstractRemoteTestNG.java:115)
at org.testng.remote.RemoteTestNG.initAndRun(RemoteTestNG.java:251)
at org.testng.remote.RemoteTestNG.main(RemoteTestNG.java:77)
]]>
    </error>
  </testcase> <!-- afterSuite -->
  <system-out/>
  <testcase name="TestCase" time="0.000" classname="main.java.utility.invokeapp">
    <skipped/>
  </testcase> <!-- TestCase -->
  <system-out/>
  <testcase name="TestCase" time="0.000" classname="main.java.utility.invokeapp">
    <skipped/>
  </testcase> <!-- TestCase -->
  <system-out/>
  <testcase name="TestCase" time="0.000" classname="main.java.utility.invokeapp">
    <skipped/>
  </testcase> <!-- TestCase -->
  <system-out/>
  <testcase name="TestCase" time="0.000" classname="main.java.utility.invokeapp">
    <skipped/>
  </testcase> <!-- TestCase -->
  <system-out/>
  <testcase name="TestCase" time="0.000" classname="main.java.utility.invokeapp">
    <skipped/>
  </testcase> <!-- TestCase -->
  <system-out/>
  <testcase name="TestCase" time="0.000" classname="main.java.utility.invokeapp">
    <skipped/>
  </testcase> <!-- TestCase -->
  <system-out/>
</testsuite> <!-- main.java.utility.invokeapp -->
