<?xml version="1.0" encoding="UTF-8"?>
<!-- Generated by org.testng.reporters.JUnitReportReporter -->
<testsuite hostname="LAPTOP-379A2RE2" failures="0" tests="41" name="main.java.utility.invokeapp" time="190.989" errors="1" timestamp="2021-09-26T13:50:04 IST" skipped="0">
  <testcase classname="main.java.utility.invokeapp" name="TestCase" time="0.112"/>
  <system-out/>
  <testcase classname="main.java.utility.invokeapp" name="TestCase" time="0.118"/>
  <system-out/>
  <testcase classname="main.java.utility.invokeapp" name="TestCase" time="0.127"/>
  <system-out/>
  <testcase classname="main.java.utility.invokeapp" name="TestCase" time="0.120"/>
  <system-out/>
  <testcase classname="main.java.utility.invokeapp" name="TestCase" time="0.094"/>
  <system-out/>
  <testcase classname="main.java.utility.invokeapp" name="TestCase" time="0.125"/>
  <system-out/>
  <testcase classname="main.java.utility.invokeapp" name="TestCase" time="0.112"/>
  <system-out/>
  <testcase classname="main.java.utility.invokeapp" name="TestCase" time="0.127"/>
  <system-out/>
  <testcase classname="main.java.utility.invokeapp" name="TestCase" time="0.139"/>
  <system-out/>
  <testcase classname="main.java.utility.invokeapp" name="TestCase" time="0.120"/>
  <system-out/>
  <testcase classname="main.java.utility.invokeapp" name="TestCase" time="0.102"/>
  <system-out/>
  <testcase classname="main.java.utility.invokeapp" name="TestCase" time="0.118"/>
  <system-out/>
  <testcase classname="main.java.utility.invokeapp" name="TestCase" time="0.108"/>
  <system-out/>
  <testcase classname="main.java.utility.invokeapp" name="TestCase" time="0.105"/>
  <system-out/>
  <testcase classname="main.java.utility.invokeapp" name="TestCase" time="0.115"/>
  <system-out/>
  <testcase classname="main.java.utility.invokeapp" name="TestCase" time="146.838">
    <error message="no such element: Unable to locate element: {&quot;method&quot;:&quot;xpath&quot;,&quot;selector&quot;:&quot;//button[contains(@aria-label,&#039;zip code&#039;)]&quot;}
  (Session info: chrome=93.0.4577.82)
For documentation on this error, please visit: https://www.seleniumhq.org/exceptions/no_such_element.html
Build info: version: &#039;3.141.59&#039;, revision: &#039;e82be7d358&#039;, time: &#039;2018-11-14T08:17:03&#039;
System info: host: &#039;LAPTOP-379A2RE2&#039;, ip: &#039;192.168.31.76&#039;, os.name: &#039;Windows 10&#039;, os.arch: &#039;amd64&#039;, os.version: &#039;10.0&#039;, java.version: &#039;15.0.2&#039;
Driver info: org.openqa.selenium.chrome.ChromeDriver
Capabilities {acceptInsecureCerts: false, browserName: chrome, browserVersion: 93.0.4577.82, chrome: {chromedriverVersion: 92.0.4515.43 (8c61b7e2989f2..., userDataDir: C:\Users\0014HO~1\AppData\L...}, goog:chromeOptions: {debuggerAddress: localhost:61121}, javascriptEnabled: true, networkConnectionEnabled: false, pageLoadStrategy: normal, platform: WINDOWS, platformName: WINDOWS, proxy: Proxy(), setWindowRect: true, strictFileInteractability: false, timeouts: {implicit: 0, pageLoad: 300000, script: 30000}, unhandledPromptBehavior: dismiss and notify, webauthn:extension:credBlob: true, webauthn:extension:largeBlob: true, webauthn:virtualAuthenticators: true}
Session ID: 1d3b4f300b98b4f78d5adc47ba41ebc3
*** Element info: {Using=xpath, value=//button[contains(@aria-label,&#039;zip code&#039;)]}" type="org.openqa.selenium.NoSuchElementException">
      <![CDATA[org.openqa.selenium.NoSuchElementException: no such element: Unable to locate element: {"method":"xpath","selector":"//button[contains(@aria-label,'zip code')]"}
  (Session info: chrome=93.0.4577.82)
For documentation on this error, please visit: https://www.seleniumhq.org/exceptions/no_such_element.html
Build info: version: '3.141.59', revision: 'e82be7d358', time: '2018-11-14T08:17:03'
System info: host: 'LAPTOP-379A2RE2', ip: '192.168.31.76', os.name: 'Windows 10', os.arch: 'amd64', os.version: '10.0', java.version: '15.0.2'
Driver info: org.openqa.selenium.chrome.ChromeDriver
Capabilities {acceptInsecureCerts: false, browserName: chrome, browserVersion: 93.0.4577.82, chrome: {chromedriverVersion: 92.0.4515.43 (8c61b7e2989f2..., userDataDir: C:\Users\0014HO~1\AppData\L...}, goog:chromeOptions: {debuggerAddress: localhost:61121}, javascriptEnabled: true, networkConnectionEnabled: false, pageLoadStrategy: normal, platform: WINDOWS, platformName: WINDOWS, proxy: Proxy(), setWindowRect: true, strictFileInteractability: false, timeouts: {implicit: 0, pageLoad: 300000, script: 30000}, unhandledPromptBehavior: dismiss and notify, webauthn:extension:credBlob: true, webauthn:extension:largeBlob: true, webauthn:virtualAuthenticators: true}
Session ID: 1d3b4f300b98b4f78d5adc47ba41ebc3
*** Element info: {Using=xpath, value=//button[contains(@aria-label,'zip code')]}
at java.base/jdk.internal.reflect.NativeConstructorAccessorImpl.newInstance0(Native Method)
at java.base/jdk.internal.reflect.NativeConstructorAccessorImpl.newInstance(NativeConstructorAccessorImpl.java:64)
at java.base/jdk.internal.reflect.DelegatingConstructorAccessorImpl.newInstance(DelegatingConstructorAccessorImpl.java:45)
at java.base/java.lang.reflect.Constructor.newInstanceWithCaller(Constructor.java:500)
at java.base/java.lang.reflect.Constructor.newInstance(Constructor.java:481)
at org.openqa.selenium.remote.http.W3CHttpResponseCodec.createException(W3CHttpResponseCodec.java:187)
at org.openqa.selenium.remote.http.W3CHttpResponseCodec.decode(W3CHttpResponseCodec.java:122)
at org.openqa.selenium.remote.http.W3CHttpResponseCodec.decode(W3CHttpResponseCodec.java:49)
at org.openqa.selenium.remote.HttpCommandExecutor.execute(HttpCommandExecutor.java:158)
at org.openqa.selenium.remote.service.DriverCommandExecutor.execute(DriverCommandExecutor.java:83)
at org.openqa.selenium.remote.RemoteWebDriver.execute(RemoteWebDriver.java:552)
at org.openqa.selenium.remote.RemoteWebDriver.findElement(RemoteWebDriver.java:323)
at org.openqa.selenium.remote.RemoteWebDriver.findElementByXPath(RemoteWebDriver.java:428)
at org.openqa.selenium.By$ByXPath.findElement(By.java:353)
at org.openqa.selenium.remote.RemoteWebDriver.findElement(RemoteWebDriver.java:315)
at main.java.pagesobject.LocalOffers.zipPopup(LocalOffers.java:111)
at main.java.testcase.Testcase.getsetData(Testcase.java:41)
at main.java.utility.invokeapp.TestCase(invokeapp.java:25)
at java.base/jdk.internal.reflect.NativeMethodAccessorImpl.invoke0(Native Method)
at java.base/jdk.internal.reflect.NativeMethodAccessorImpl.invoke(NativeMethodAccessorImpl.java:64)
at java.base/jdk.internal.reflect.DelegatingMethodAccessorImpl.invoke(DelegatingMethodAccessorImpl.java:43)
at java.base/java.lang.reflect.Method.invoke(Method.java:564)
at org.testng.internal.MethodInvocationHelper.invokeMethod(MethodInvocationHelper.java:132)
at org.testng.internal.TestInvoker.invokeMethod(TestInvoker.java:599)
at org.testng.internal.TestInvoker.invokeTestMethod(TestInvoker.java:174)
at org.testng.internal.MethodRunner.runInSequence(MethodRunner.java:46)
at org.testng.internal.TestInvoker$MethodInvocationAgent.invoke(TestInvoker.java:822)
at org.testng.internal.TestInvoker.invokeTestMethods(TestInvoker.java:147)
at org.testng.internal.TestMethodWorker.invokeTestMethods(TestMethodWorker.java:146)
at org.testng.internal.TestMethodWorker.run(TestMethodWorker.java:128)
at java.base/java.util.ArrayList.forEach(ArrayList.java:1511)
at org.testng.TestRunner.privateRun(TestRunner.java:764)
at org.testng.TestRunner.run(TestRunner.java:585)
at org.testng.SuiteRunner.runTest(SuiteRunner.java:384)
at org.testng.SuiteRunner.runSequentially(SuiteRunner.java:378)
at org.testng.SuiteRunner.privateRun(SuiteRunner.java:337)
at org.testng.SuiteRunner.run(SuiteRunner.java:286)
at org.testng.SuiteRunnerWorker.runSuite(SuiteRunnerWorker.java:53)
at org.testng.SuiteRunnerWorker.run(SuiteRunnerWorker.java:96)
at org.testng.TestNG.runSuitesSequentially(TestNG.java:1218)
at org.testng.TestNG.runSuitesLocally(TestNG.java:1140)
at org.testng.TestNG.runSuites(TestNG.java:1069)
at org.testng.TestNG.run(TestNG.java:1037)
at org.testng.remote.AbstractRemoteTestNG.run(AbstractRemoteTestNG.java:115)
at org.testng.remote.RemoteTestNG.initAndRun(RemoteTestNG.java:251)
at org.testng.remote.RemoteTestNG.main(RemoteTestNG.java:77)
]]>
    </error>
  </testcase> <!-- TestCase -->
  <system-out/>
  <testcase classname="main.java.utility.invokeapp" name="TestCase" time="1.213"/>
  <system-out/>
  <testcase classname="main.java.utility.invokeapp" name="TestCase" time="0.130"/>
  <system-out/>
  <testcase classname="main.java.utility.invokeapp" name="TestCase" time="0.116"/>
  <system-out/>
  <testcase classname="main.java.utility.invokeapp" name="TestCase" time="0.102"/>
  <system-out/>
  <testcase classname="main.java.utility.invokeapp" name="TestCase" time="0.076"/>
  <system-out/>
  <testcase classname="main.java.utility.invokeapp" name="TestCase" time="0.114"/>
  <system-out/>
  <testcase classname="main.java.utility.invokeapp" name="TestCase" time="0.122"/>
  <system-out/>
  <testcase classname="main.java.utility.invokeapp" name="TestCase" time="0.109"/>
  <system-out/>
  <testcase classname="main.java.utility.invokeapp" name="TestCase" time="0.121"/>
  <system-out/>
  <testcase classname="main.java.utility.invokeapp" name="TestCase" time="0.120"/>
  <system-out/>
  <testcase classname="main.java.utility.invokeapp" name="TestCase" time="0.104"/>
  <system-out/>
  <testcase classname="main.java.utility.invokeapp" name="TestCase" time="0.250"/>
  <system-out/>
  <testcase classname="main.java.utility.invokeapp" name="TestCase" time="0.122"/>
  <system-out/>
  <testcase classname="main.java.utility.invokeapp" name="TestCase" time="0.104"/>
  <system-out/>
  <testcase classname="main.java.utility.invokeapp" name="TestCase" time="0.122"/>
  <system-out/>
  <testcase classname="main.java.utility.invokeapp" name="TestCase" time="0.117"/>
  <system-out/>
  <testcase classname="main.java.utility.invokeapp" name="TestCase" time="0.119"/>
  <system-out/>
  <testcase classname="main.java.utility.invokeapp" name="TestCase" time="38.434"/>
  <system-out/>
  <testcase classname="main.java.utility.invokeapp" name="TestCase" time="0.117"/>
  <system-out/>
  <testcase classname="main.java.utility.invokeapp" name="TestCase" time="0.101"/>
  <system-out/>
  <testcase classname="main.java.utility.invokeapp" name="TestCase" time="0.122"/>
  <system-out/>
  <testcase classname="main.java.utility.invokeapp" name="TestCase" time="0.119"/>
  <system-out/>
  <testcase classname="main.java.utility.invokeapp" name="TestCase" time="0.120"/>
  <system-out/>
  <testcase classname="main.java.utility.invokeapp" name="TestCase" time="0.121"/>
  <system-out/>
  <testcase classname="main.java.utility.invokeapp" name="TestCase" time="0.114"/>
  <system-out/>
</testsuite> <!-- main.java.utility.invokeapp -->
