<?xml version="1.0" encoding="UTF-8"?>
<!-- Generated by org.testng.reporters.JUnitXMLReporter -->
<testsuite ignored="8" hostname="LAPTOP-379A2RE2" failures="1" tests="41" name="Test" time="191.568" errors="0" timestamp="2021-09-26T13:49:54 IST">
  <testcase classname="main.java.utility.invokeapp" name="TestCase" time="0.007"/>
  <testcase classname="main.java.utility.invokeapp" name="TestCase" time="146.739">
    <failure type="org.openqa.selenium.NoSuchElementException" message="no such element: Unable to locate element: {&amp;quot;method&amp;quot;:&amp;quot;xpath&amp;quot;,&amp;quot;selector&amp;quot;:&amp;quot;//button[contains(@aria-label,&amp;apos;zip code&amp;apos;)]&amp;quot;}
  (Session info: chrome=93.0.4577.82)
For documentation on this error, please visit: https://www.seleniumhq.org/exceptions/no_such_element.html
Build info: version: &amp;apos;3.141.59&amp;apos;, revision: &amp;apos;e82be7d358&amp;apos;, time: &amp;apos;2018-11-14T08:17:03&amp;apos;
System info: host: &amp;apos;LAPTOP-379A2RE2&amp;apos;, ip: &amp;apos;192.168.31.76&amp;apos;, os.name: &amp;apos;Windows 10&amp;apos;, os.arch: &amp;apos;amd64&amp;apos;, os.version: &amp;apos;10.0&amp;apos;, java.version: &amp;apos;15.0.2&amp;apos;
Driver info: org.openqa.selenium.chrome.ChromeDriver
Capabilities {acceptInsecureCerts: false, browserName: chrome, browserVersion: 93.0.4577.82, chrome: {chromedriverVersion: 92.0.4515.43 (8c61b7e2989f2..., userDataDir: C:\Users\0014HO~1\AppData\L...}, goog:chromeOptions: {debuggerAddress: localhost:61121}, javascriptEnabled: true, networkConnectionEnabled: false, pageLoadStrategy: normal, platform: WINDOWS, platformName: WINDOWS, proxy: Proxy(), setWindowRect: true, strictFileInteractability: false, timeouts: {implicit: 0, pageLoad: 300000, script: 30000}, unhandledPromptBehavior: dismiss and notify, webauthn:extension:credBlob: true, webauthn:extension:largeBlob: true, webauthn:virtualAuthenticators: true}
Session ID: 1d3b4f300b98b4f78d5adc47ba41ebc3
*** Element info: {Using=xpath, value=//button[contains(@aria-label,&amp;apos;zip code&amp;apos;)]}">
      <![CDATA[org.openqa.selenium.NoSuchElementException: no such element: Unable to locate element: {"method":"xpath","selector":"//button[contains(@aria-label,'zip code')]"}
  (Session info: chrome=93.0.4577.82)
For documentation on this error, please visit: https://www.seleniumhq.org/exceptions/no_such_element.html
Build info: version: '3.141.59', revision: 'e82be7d358', time: '2018-11-14T08:17:03'
System info: host: 'LAPTOP-379A2RE2', ip: '192.168.31.76', os.name: 'Windows 10', os.arch: 'amd64', os.version: '10.0', java.version: '15.0.2'
Driver info: org.openqa.selenium.chrome.ChromeDriver
Capabilities {acceptInsecureCerts: false, browserName: chrome, browserVersion: 93.0.4577.82, chrome: {chromedriverVersion: 92.0.4515.43 (8c61b7e2989f2..., userDataDir: C:\Users\0014HO~1\AppData\L...}, goog:chromeOptions: {debuggerAddress: localhost:61121}, javascriptEnabled: true, networkConnectionEnabled: false, pageLoadStrategy: normal, platform: WINDOWS, platformName: WINDOWS, proxy: Proxy(), setWindowRect: true, strictFileInteractability: false, timeouts: {implicit: 0, pageLoad: 300000, script: 30000}, unhandledPromptBehavior: dismiss and notify, webauthn:extension:credBlob: true, webauthn:extension:largeBlob: true, webauthn:virtualAuthenticators: true}
Session ID: 1d3b4f300b98b4f78d5adc47ba41ebc3
*** Element info: {Using=xpath, value=//button[contains(@aria-label,'zip code')]}
at org.openqa.selenium.remote.http.W3CHttpResponseCodec.createException(W3CHttpResponseCodec.java:187)
at org.openqa.selenium.remote.http.W3CHttpResponseCodec.decode(W3CHttpResponseCodec.java:122)
at org.openqa.selenium.remote.http.W3CHttpResponseCodec.decode(W3CHttpResponseCodec.java:49)
at org.openqa.selenium.remote.HttpCommandExecutor.execute(HttpCommandExecutor.java:158)
at org.openqa.selenium.remote.service.DriverCommandExecutor.execute(DriverCommandExecutor.java:83)
at org.openqa.selenium.remote.RemoteWebDriver.execute(RemoteWebDriver.java:552)
at org.openqa.selenium.remote.RemoteWebDriver.findElement(RemoteWebDriver.java:323)
at org.openqa.selenium.remote.RemoteWebDriver.findElementByXPath(RemoteWebDriver.java:428)
at org.openqa.selenium.By$ByXPath.findElement(By.java:353)
at org.openqa.selenium.remote.RemoteWebDriver.findElement(RemoteWebDriver.java:315)
at main.java.pagesobject.LocalOffers.zipPopup(LocalOffers.java:111)
at main.java.testcase.Testcase.getsetData(Testcase.java:41)
at main.java.utility.invokeapp.TestCase(invokeapp.java:25)
at java.base/java.util.ArrayList.forEach(ArrayList.java:1511)
... Removed 32 stack frames]]>
    </failure>
  </testcase> <!-- TestCase -->
  <testcase classname="main.java.utility.invokeapp" name="TestCase" time="0.003"/>
  <testcase classname="main.java.utility.invokeapp" name="TestCase" time="0.002"/>
  <testcase classname="main.java.utility.invokeapp" name="TestCase" time="0.002"/>
  <testcase classname="main.java.utility.invokeapp" name="TestCase" time="0.005"/>
  <testcase classname="main.java.utility.invokeapp" name="TestCase" time="0.002"/>
  <testcase classname="main.java.utility.invokeapp" name="TestCase" time="0.002"/>
  <testcase classname="main.java.utility.invokeapp" name="TestCase" time="0.002"/>
  <testcase classname="main.java.utility.invokeapp" name="TestCase" time="0.002"/>
  <testcase classname="main.java.utility.invokeapp" name="TestCase" time="0.002"/>
  <testcase classname="main.java.utility.invokeapp" name="TestCase" time="0.002"/>
  <testcase classname="main.java.utility.invokeapp" name="TestCase" time="0.002"/>
  <testcase classname="main.java.utility.invokeapp" name="TestCase" time="0.002"/>
  <testcase classname="main.java.utility.invokeapp" name="TestCase" time="0.002"/>
  <testcase classname="main.java.utility.invokeapp" name="TestCase" time="0.002"/>
  <testcase classname="main.java.utility.invokeapp" name="TestCase" time="0.001"/>
  <testcase classname="main.java.utility.invokeapp" name="TestCase" time="0.002"/>
  <testcase classname="main.java.utility.invokeapp" name="TestCase" time="0.002"/>
  <testcase classname="main.java.utility.invokeapp" name="TestCase" time="0.002"/>
  <testcase classname="main.java.utility.invokeapp" name="TestCase" time="0.001"/>
  <testcase classname="main.java.utility.invokeapp" name="TestCase" time="0.002"/>
  <testcase classname="main.java.utility.invokeapp" name="TestCase" time="0.002"/>
  <testcase classname="main.java.utility.invokeapp" name="TestCase" time="0.002"/>
  <testcase classname="main.java.utility.invokeapp" name="TestCase" time="0.002"/>
  <testcase classname="main.java.utility.invokeapp" name="TestCase" time="0.001"/>
  <testcase classname="main.java.utility.invokeapp" name="TestCase" time="0.002"/>
  <testcase classname="main.java.utility.invokeapp" name="TestCase" time="0.001"/>
  <testcase classname="main.java.utility.invokeapp" name="TestCase" time="0.001"/>
  <testcase classname="main.java.utility.invokeapp" name="TestCase" time="0.001"/>
  <testcase classname="main.java.utility.invokeapp" name="TestCase" time="0.001"/>
  <testcase classname="main.java.utility.invokeapp" name="TestCase" time="0.001"/>
  <testcase classname="main.java.utility.invokeapp" name="TestCase" time="0.002"/>
  <testcase classname="main.java.utility.invokeapp" name="TestCase" time="0.001"/>
  <testcase classname="main.java.utility.invokeapp" name="TestCase" time="0.001"/>
  <testcase classname="main.java.utility.invokeapp" name="TestCase" time="0.001"/>
  <testcase classname="main.java.utility.invokeapp" name="TestCase" time="0.001"/>
  <testcase classname="main.java.utility.invokeapp" name="TestCase" time="0.001"/>
  <testcase classname="main.java.utility.invokeapp" name="TestCase" time="0.001"/>
  <testcase classname="main.java.utility.invokeapp" name="TestCase" time="0.001"/>
  <testcase classname="main.java.utility.invokeapp" name="TestCase" time="0.001"/>
  <testcase classname="main.java.utility.Projectcommonmethodes" name="@BeforeSuite beforeSuite" time="0.0">
    <ignored/>
  </testcase> <!-- @BeforeSuite beforeSuite -->
  <testcase classname="main.java.utility.Projectcommonmethodes" name="@BeforeSuite beforeSuite" time="0.0">
    <ignored/>
  </testcase> <!-- @BeforeSuite beforeSuite -->
  <testcase classname="main.java.utility.Projectcommonmethodes" name="@AfterSuite afterSuite" time="0.0">
    <ignored/>
  </testcase> <!-- @AfterSuite afterSuite -->
  <testcase classname="main.java.utility.Projectcommonmethodes" name="@AfterSuite afterSuite" time="0.0">
    <ignored/>
  </testcase> <!-- @AfterSuite afterSuite -->
  <testcase classname="main.java.utility.Projectcommonmethodes" name="@BeforeTest beforeTest" time="0.0">
    <ignored/>
  </testcase> <!-- @BeforeTest beforeTest -->
  <testcase classname="main.java.utility.Projectcommonmethodes" name="@BeforeTest beforeTest" time="0.0">
    <ignored/>
  </testcase> <!-- @BeforeTest beforeTest -->
  <testcase classname="main.java.utility.Projectcommonmethodes" name="@AfterTest afterTest" time="0.0">
    <ignored/>
  </testcase> <!-- @AfterTest afterTest -->
  <testcase classname="main.java.utility.Projectcommonmethodes" name="@AfterTest afterTest" time="0.0">
    <ignored/>
  </testcase> <!-- @AfterTest afterTest -->
</testsuite> <!-- Test -->
